Unity Editor version:    2020.3.27f1 (e759542391ea)
Branch:                  2020.3/release
Build type:              Release
Batch mode:              YES
macOS version:           Version 11.7 (Build 20G817)
Darwin version:          20.6.0
Architecture:            x86_64
Running under Rosetta:   NO
Available memory:        16384 MB
Using pre-set license
Pro License: NO

COMMAND LINE ARGUMENTS:
/Applications/2020.3.27f1/Unity.app/Contents/MacOS/Unity
-adb2
-batchMode
-noUpm
-name
AssetImportWorker0
-projectPath
/Users/game56/Documents/GitHub/Escape-the-farm
-logFile
Logs/AssetImportWorker0.log
-srvPort
<<<<<<< HEAD
53965
Successfully changed project path to: /Users/game5/My project
Could not lock editor preferences. Preferences updates for this instance of Unity will not be saved./Users/game5/My project
Using Asset Import Pipeline V2.
Refreshing native plugins compatible for Editor in 31.78 ms, found 2 plugins.
=======
49401
Successfully changed project path to: /Users/game56/Documents/GitHub/Escape-the-farm
/Users/game56/Documents/GitHub/Escape-the-farm
Using Asset Import Pipeline V2.
Refreshing native plugins compatible for Editor in 31.38 ms, found 2 plugins.
>>>>>>> origin/Level
Preloading 0 native plugins for Editor in 0.00 ms.
Initialize engine version: 2020.3.27f1 (e759542391ea)
[Subsystems] Discovering subsystems at path /Applications/2020.3.27f1/Unity.app/Contents/Resources/UnitySubsystems
[Subsystems] Discovering subsystems at path /Users/game56/Documents/GitHub/Escape-the-farm/Assets
GfxDevice: creating device client; threaded=0
<<<<<<< HEAD
2024-03-07 13:41:43.291 Unity[24536:12847793] iMac preferred device: AMD Radeon Pro 5500 XT (high power)
2024-03-07 13:41:43.291 Unity[24536:12847793] Metal devices available: 1
2024-03-07 13:41:43.291 Unity[24536:12847793] 0: AMD Radeon Pro 5500 XT (high power)
2024-03-07 13:41:43.291 Unity[24536:12847793] Using device AMD Radeon Pro 5500 XT (high power)
=======
2024-03-07 13:42:52.876 Unity[1207:19156] iMac preferred device: AMD Radeon Pro 5500 XT (high power)
2024-03-07 13:42:52.876 Unity[1207:19156] Metal devices available: 1
2024-03-07 13:42:52.877 Unity[1207:19156] 0: AMD Radeon Pro 5500 XT (high power)
2024-03-07 13:42:52.877 Unity[1207:19156] Using device AMD Radeon Pro 5500 XT (high power)
>>>>>>> origin/Level
Initializing Metal device caps: AMD Radeon Pro 5500 XT
Initialize mono
Mono path[0] = '/Applications/2020.3.27f1/Unity.app/Contents/Managed'
Mono path[1] = '/Applications/2020.3.27f1/Unity.app/Contents/MonoBleedingEdge/lib/mono/unityjit'
Mono config path = '/Applications/2020.3.27f1/Unity.app/Contents/MonoBleedingEdge/etc'
<<<<<<< HEAD
Using monoOptions --debugger-agent=transport=dt_socket,embedding=1,server=y,suspend=n,address=127.0.0.1:56536
Begin MonoManager ReloadAssembly
Registering precompiled unity dll's ...
Register platform support module: /Applications/2020.3.27f1/Unity.app/Contents/PlaybackEngines/MacStandaloneSupport/UnityEditor.OSXStandalone.Extensions.dll
Registered in 0.000432 seconds.
Native extension for OSXStandalone target not found
Refreshing native plugins compatible for Editor in 30.14 ms, found 2 plugins.
=======
Using monoOptions --debugger-agent=transport=dt_socket,embedding=1,server=y,suspend=n,address=127.0.0.1:56207
Begin MonoManager ReloadAssembly
Registering precompiled unity dll's ...
Register platform support module: /Applications/2020.3.27f1/Unity.app/Contents/PlaybackEngines/MacStandaloneSupport/UnityEditor.OSXStandalone.Extensions.dll
Registered in 0.000447 seconds.
Native extension for OSXStandalone target not found
Refreshing native plugins compatible for Editor in 30.52 ms, found 2 plugins.
>>>>>>> origin/Level
Preloading 0 native plugins for Editor in 0.00 ms.
Mono: successfully reloaded assembly
- Completed reload, in  0.531 seconds
Domain Reload Profiling:
	ReloadAssembly (531ms)
		BeginReloadAssembly (37ms)
			ExecutionOrderSort (0ms)
			DisableScriptedObjects (0ms)
			BackupInstance (0ms)
			ReleaseScriptingObjects (0ms)
			CreateAndSetChildDomain (1ms)
<<<<<<< HEAD
		EndReloadAssembly (420ms)
			LoadAssemblies (35ms)
			RebuildTransferFunctionScriptingTraits (0ms)
			SetupTypeCache (156ms)
			ReleaseScriptCaches (0ms)
			RebuildScriptCaches (32ms)
			SetupLoadedEditorAssemblies (159ms)
=======
		EndReloadAssembly (428ms)
			LoadAssemblies (36ms)
			RebuildTransferFunctionScriptingTraits (0ms)
			SetupTypeCache (160ms)
			ReleaseScriptCaches (0ms)
			RebuildScriptCaches (33ms)
			SetupLoadedEditorAssemblies (161ms)
>>>>>>> origin/Level
				LogAssemblyErrors (0ms)
				InitializePlatformSupportModulesInManaged (4ms)
				SetLoadedEditorAssemblies (0ms)
				RefreshPlugins (30ms)
				BeforeProcessingInitializeOnLoad (7ms)
<<<<<<< HEAD
				ProcessInitializeOnLoadAttributes (91ms)
=======
				ProcessInitializeOnLoadAttributes (94ms)
>>>>>>> origin/Level
				ProcessInitializeOnLoadMethodAttributes (26ms)
				AfterProcessingInitializeOnLoad (0ms)
				EditorAssembliesLoaded (0ms)
			ExecutionOrderSort2 (0ms)
			AwakeInstancesAfterBackupRestoration (0ms)
Platform modules already initialized, skipping
Registering precompiled user dll's ...
<<<<<<< HEAD
Registered in 0.001426 seconds.
Begin MonoManager ReloadAssembly
Native extension for OSXStandalone target not found
Refreshing native plugins compatible for Editor in 0.37 ms, found 2 plugins.
Preloading 0 native plugins for Editor in 0.00 ms.
Mono: successfully reloaded assembly
- Completed reload, in  0.940 seconds
Domain Reload Profiling:
	ReloadAssembly (941ms)
		BeginReloadAssembly (133ms)
=======
Registered in 0.001628 seconds.
Begin MonoManager ReloadAssembly
Native extension for OSXStandalone target not found
Refreshing native plugins compatible for Editor in 0.36 ms, found 2 plugins.
Preloading 0 native plugins for Editor in 0.00 ms.
Mono: successfully reloaded assembly
- Completed reload, in  0.957 seconds
Domain Reload Profiling:
	ReloadAssembly (957ms)
		BeginReloadAssembly (135ms)
>>>>>>> origin/Level
			ExecutionOrderSort (0ms)
			DisableScriptedObjects (4ms)
			BackupInstance (0ms)
			ReleaseScriptingObjects (0ms)
<<<<<<< HEAD
			CreateAndSetChildDomain (25ms)
		EndReloadAssembly (752ms)
			LoadAssemblies (63ms)
			RebuildTransferFunctionScriptingTraits (0ms)
			SetupTypeCache (290ms)
			ReleaseScriptCaches (0ms)
			RebuildScriptCaches (47ms)
			SetupLoadedEditorAssemblies (254ms)
=======
			CreateAndSetChildDomain (26ms)
		EndReloadAssembly (766ms)
			LoadAssemblies (62ms)
			RebuildTransferFunctionScriptingTraits (0ms)
			SetupTypeCache (294ms)
			ReleaseScriptCaches (0ms)
			RebuildScriptCaches (46ms)
			SetupLoadedEditorAssemblies (264ms)
>>>>>>> origin/Level
				LogAssemblyErrors (0ms)
				InitializePlatformSupportModulesInManaged (4ms)
				SetLoadedEditorAssemblies (0ms)
				RefreshPlugins (0ms)
<<<<<<< HEAD
				BeforeProcessingInitializeOnLoad (45ms)
				ProcessInitializeOnLoadAttributes (196ms)
=======
				BeforeProcessingInitializeOnLoad (48ms)
				ProcessInitializeOnLoadAttributes (202ms)
>>>>>>> origin/Level
				ProcessInitializeOnLoadMethodAttributes (8ms)
				AfterProcessingInitializeOnLoad (1ms)
				EditorAssembliesLoaded (0ms)
			ExecutionOrderSort2 (0ms)
			AwakeInstancesAfterBackupRestoration (6ms)
Platform modules already initialized, skipping
<<<<<<< HEAD
Validating Project structure ... 0.005958 seconds.
Shader import version has changed; will reimport all shaders...
Upgrading shader files ...0.039759 seconds.
=======
Validating Project structure ... 0.005673 seconds.
Shader import version has changed; will reimport all shaders...
Upgrading shader files ...0.040919 seconds.
>>>>>>> origin/Level
Application.AssetDatabase Initial Script Refresh Start
RefreshInfo: InitialScriptRefreshV2(NoUpdateAssetOptions) scanfilter:  ... 1 filters
RefreshProfiler: Total: 0.000ms
Application.AssetDatabase Initial Script Refresh End
Application.AssetDatabase.Refresh Start
Application.AssetDatabase.Refresh End
RefreshInfo: StopAssetImportingV2(ForceSynchronousImport) scanfilter: 
RefreshProfiler: Total: 0.000ms
Launching external process: /Applications/2020.3.27f1/Unity.app/Contents/Tools/UnityShaderCompiler
Launched and connected shader compiler UnityShaderCompiler after 0.01 seconds
Initializing Unity extensions:
========================================================================
Worker process is ready to serve import requests
<<<<<<< HEAD
Refreshing native plugins compatible for Editor in 0.35 ms, found 2 plugins.
Preloading 0 native plugins for Editor in 0.00 ms.
Unloading 2019 Unused Serialized files (Serialized files now loaded: 0)
System memory in use before: 240.1 MB.
System memory in use after: 239.3 MB.

Unloading 138 unused Assets to reduce memory usage. Loaded Objects now: 2505.
Total: 2.943220 ms (FindLiveObjects: 0.151727 ms CreateObjectMapping: 0.069706 ms MarkObjects: 2.226757 ms  DeleteObjects: 0.494388 ms)
=======
Refreshing native plugins compatible for Editor in 0.37 ms, found 2 plugins.
Preloading 0 native plugins for Editor in 0.00 ms.
Unloading 2018 Unused Serialized files (Serialized files now loaded: 0)
System memory in use before: 239.3 MB.
System memory in use after: 238.5 MB.

Unloading 89 unused Assets to reduce memory usage. Loaded Objects now: 2504.
Total: 2.789381 ms (FindLiveObjects: 0.167664 ms CreateObjectMapping: 0.078399 ms MarkObjects: 2.047076 ms  DeleteObjects: 0.495446 ms)
>>>>>>> origin/Level

AssetImportParameters requested are different than current active one (requested -> active):
  custom:video-decoder-ogg-theora: a1e56fd34408186e4bbccfd4996cb3dc -> 
  custom:container-muxer-webm: aa71ff27fc2769a1b78a27578f13a17b -> 
  custom:container-demuxer-webm: 4f35f7cbe854078d1ac9338744f61a02 -> 
  custom:container-demuxer-ogg: 62fdf1f143b41e24485cea50d1cbac27 -> 
  custom:video-encoder-webm-vp8: eb34c28f22e8b96e1ab97ce403110664 -> 
  custom:framework-osx-AVFoundation: e770b220cccbd017edd2c1fefb359320 -> 
  custom:video-decoder-webm-vp8: 9c59270c3fd7afecdb556c50c9e8de78 -> 
  custom:audio-decoder-ogg-vorbis: bf7c407c2cedff20999df2af8eb42d56 -> 
  custom:audio-encoder-webm-vorbis: bf7c407c2cedff20999df2af8eb42d56 -> 
========================================================================
Received Import Request.
<<<<<<< HEAD
  path: Assets/New Terrain.asset
  artifactKey: Guid(b64ee3667ef064072b91fb2e08cec92b) Importer(815301076,1909f56bfc062723c751e8b465ee728b)
Start importing Assets/New Terrain.asset using Guid(b64ee3667ef064072b91fb2e08cec92b) Importer(815301076,1909f56bfc062723c751e8b465ee728b)  -> (artifact id: '44cf90bce88405778d66e61e5ccc6017') in 0.833744 seconds 
  Import took 0.839096 seconds .

========================================================================
Received Import Request.
  Time since last request: 0.000201 seconds.
  path: Assets/lightbulb.blend
  artifactKey: Guid(9585f10cdb30b478084399e27c7be8cc) Importer(815301076,1909f56bfc062723c751e8b465ee728b)
Start importing Assets/lightbulb.blend using Guid(9585f10cdb30b478084399e27c7be8cc) Importer(815301076,1909f56bfc062723c751e8b465ee728b)  -> (artifact id: '210ef0f52d185c05fe6062b3982176f2') in 0.855055 seconds 
  Import took 0.861819 seconds .

========================================================================
Received Import Request.
  Time since last request: 0.000190 seconds.
  path: Assets/layer_ground01793646612c42751.terrainlayer
  artifactKey: Guid(b72d43f2f2f85431db08955ca110536d) Importer(815301076,1909f56bfc062723c751e8b465ee728b)
Start importing Assets/layer_ground01793646612c42751.terrainlayer using Guid(b72d43f2f2f85431db08955ca110536d) Importer(815301076,1909f56bfc062723c751e8b465ee728b)  -> (artifact id: '9ae9afd0afa06f89752ffdfa9706c284') in 0.241930 seconds 
  Import took 0.246060 seconds .

========================================================================
Received Import Request.
  Time since last request: 0.000152 seconds.
  path: Assets/New Terrain 1.asset
  artifactKey: Guid(ab68f15138db94935a4dd7a08c764b88) Importer(815301076,1909f56bfc062723c751e8b465ee728b)
Start importing Assets/New Terrain 1.asset using Guid(ab68f15138db94935a4dd7a08c764b88) Importer(815301076,1909f56bfc062723c751e8b465ee728b)  -> (artifact id: '401b8bcdfa8262b1cf9daafc73bae2f7') in 0.004632 seconds 
  Import took 0.006683 seconds .

========================================================================
Received Import Request.
  Time since last request: 7.206353 seconds.
  path: Assets/Scenes/Timeline.playable
  artifactKey: Guid(4fb13d2b5410e44f2aba87791c861c46) Importer(815301076,1909f56bfc062723c751e8b465ee728b)
Start importing Assets/Scenes/Timeline.playable using Guid(4fb13d2b5410e44f2aba87791c861c46) Importer(815301076,1909f56bfc062723c751e8b465ee728b)  -> (artifact id: '6cc296c4913040ed5292dcb8c022e235') in 0.126169 seconds 
  Import took 0.131723 seconds .

========================================================================
Received Import Request.
  Time since last request: 83.089643 seconds.
  path: Assets/Scenes/End Credits.unity
  artifactKey: Guid(d3516f1704cdf403390e10ecb850c5b2) Importer(815301076,1909f56bfc062723c751e8b465ee728b)
Start importing Assets/Scenes/End Credits.unity using Guid(d3516f1704cdf403390e10ecb850c5b2) Importer(815301076,1909f56bfc062723c751e8b465ee728b)  -> (artifact id: 'c9a761c3edf3fec12a8d6abb06bea136') in 0.000951 seconds 
  Import took 0.003658 seconds .

========================================================================
Received Import Request.
  Time since last request: 408.680487 seconds.
  path: Assets/Audio/667489__audiomirage__passage-to-promise.wav
  artifactKey: Guid(bdbfa32524aab46dbaca9bd49ada0396) Importer(815301076,1909f56bfc062723c751e8b465ee728b)
Start importing Assets/Audio/667489__audiomirage__passage-to-promise.wav using Guid(bdbfa32524aab46dbaca9bd49ada0396) Importer(815301076,1909f56bfc062723c751e8b465ee728b)  -> (artifact id: '2e23c7d8145400ca9bd282642f89872a') in 0.733808 seconds 
  Import took 0.739365 seconds .

========================================================================
Received Import Request.
  Time since last request: 68.220483 seconds.
  path: Assets/Scenes/LVL1 Cutscene.unity
  artifactKey: Guid(340f32a40275d459a8988a274893edd0) Importer(815301076,1909f56bfc062723c751e8b465ee728b)
Start importing Assets/Scenes/LVL1 Cutscene.unity using Guid(340f32a40275d459a8988a274893edd0) Importer(815301076,1909f56bfc062723c751e8b465ee728b)  -> (artifact id: 'dc742f73b8ee274ecbd7fec98ee14f90') in 0.001245 seconds 
  Import took 0.004579 seconds .

========================================================================
Received Import Request.
  Time since last request: 12.739479 seconds.
  path: Assets/Scenes/End Credits.unity
  artifactKey: Guid(d3516f1704cdf403390e10ecb850c5b2) Importer(815301076,1909f56bfc062723c751e8b465ee728b)
Start importing Assets/Scenes/End Credits.unity using Guid(d3516f1704cdf403390e10ecb850c5b2) Importer(815301076,1909f56bfc062723c751e8b465ee728b)  -> (artifact id: '87271a861fced055ac2a27f2dc7e6b9a') in 0.001658 seconds 
  Import took 0.004300 seconds .

========================================================================
Received Prepare
Registering precompiled user dll's ...
Registered in 0.001394 seconds.
Begin MonoManager ReloadAssembly
Native extension for OSXStandalone target not found
Refreshing native plugins compatible for Editor in 0.36 ms, found 2 plugins.
Preloading 0 native plugins for Editor in 0.00 ms.
Mono: successfully reloaded assembly
- Completed reload, in  0.918 seconds
Domain Reload Profiling:
	ReloadAssembly (919ms)
		BeginReloadAssembly (104ms)
			ExecutionOrderSort (0ms)
			DisableScriptedObjects (3ms)
			BackupInstance (0ms)
			ReleaseScriptingObjects (0ms)
			CreateAndSetChildDomain (46ms)
		EndReloadAssembly (760ms)
			LoadAssemblies (58ms)
			RebuildTransferFunctionScriptingTraits (0ms)
			SetupTypeCache (279ms)
			ReleaseScriptCaches (1ms)
			RebuildScriptCaches (42ms)
			SetupLoadedEditorAssemblies (277ms)
				LogAssemblyErrors (0ms)
				InitializePlatformSupportModulesInManaged (4ms)
				SetLoadedEditorAssemblies (0ms)
				RefreshPlugins (0ms)
				BeforeProcessingInitializeOnLoad (85ms)
				ProcessInitializeOnLoadAttributes (180ms)
				ProcessInitializeOnLoadMethodAttributes (7ms)
				AfterProcessingInitializeOnLoad (1ms)
				EditorAssembliesLoaded (0ms)
			ExecutionOrderSort2 (0ms)
			AwakeInstancesAfterBackupRestoration (6ms)
Platform modules already initialized, skipping
Refreshing native plugins compatible for Editor in 0.36 ms, found 2 plugins.
Preloading 0 native plugins for Editor in 0.00 ms.
Unloading 1908 Unused Serialized files (Serialized files now loaded: 0)
System memory in use before: 252.2 MB.
System memory in use after: 251.7 MB.

Unloading 21 unused Assets to reduce memory usage. Loaded Objects now: 2556.
Total: 2.472424 ms (FindLiveObjects: 0.127865 ms CreateObjectMapping: 0.056570 ms MarkObjects: 1.922683 ms  DeleteObjects: 0.364697 ms)

=======
  path: Assets/Scenes/Animations/SafeDoorOpen.anim
  artifactKey: Guid(67038739e177047d0b99a5185dcba629) Importer(815301076,1909f56bfc062723c751e8b465ee728b)
Start importing Assets/Scenes/Animations/SafeDoorOpen.anim using Guid(67038739e177047d0b99a5185dcba629) Importer(815301076,1909f56bfc062723c751e8b465ee728b)  -> (artifact id: 'b826e0c8dfe2863f2707406967418f57') in 0.817787 seconds 
  Import took 0.821457 seconds .

========================================================================
Received Prepare
Registering precompiled user dll's ...
Registered in 0.001587 seconds.
Begin MonoManager ReloadAssembly
Native extension for OSXStandalone target not found
Refreshing native plugins compatible for Editor in 0.36 ms, found 2 plugins.
Preloading 0 native plugins for Editor in 0.00 ms.
Mono: successfully reloaded assembly
- Completed reload, in  0.926 seconds
Domain Reload Profiling:
	ReloadAssembly (926ms)
		BeginReloadAssembly (107ms)
			ExecutionOrderSort (0ms)
			DisableScriptedObjects (4ms)
			BackupInstance (0ms)
			ReleaseScriptingObjects (0ms)
			CreateAndSetChildDomain (50ms)
		EndReloadAssembly (765ms)
			LoadAssemblies (59ms)
			RebuildTransferFunctionScriptingTraits (0ms)
			SetupTypeCache (284ms)
			ReleaseScriptCaches (1ms)
			RebuildScriptCaches (41ms)
			SetupLoadedEditorAssemblies (278ms)
				LogAssemblyErrors (0ms)
				InitializePlatformSupportModulesInManaged (3ms)
				SetLoadedEditorAssemblies (0ms)
				RefreshPlugins (0ms)
				BeforeProcessingInitializeOnLoad (84ms)
				ProcessInitializeOnLoadAttributes (181ms)
				ProcessInitializeOnLoadMethodAttributes (7ms)
				AfterProcessingInitializeOnLoad (2ms)
				EditorAssembliesLoaded (0ms)
			ExecutionOrderSort2 (0ms)
			AwakeInstancesAfterBackupRestoration (6ms)
Platform modules already initialized, skipping
Refreshing native plugins compatible for Editor in 0.36 ms, found 2 plugins.
Preloading 0 native plugins for Editor in 0.00 ms.
Unloading 1907 Unused Serialized files (Serialized files now loaded: 0)
System memory in use before: 234.6 MB.
System memory in use after: 234.1 MB.

Unloading 21 unused Assets to reduce memory usage. Loaded Objects now: 2507.
Total: 2.498458 ms (FindLiveObjects: 0.124162 ms CreateObjectMapping: 0.051270 ms MarkObjects: 1.941330 ms  DeleteObjects: 0.381070 ms)

AssetImportParameters requested are different than current active one (requested -> active):
  custom:video-decoder-ogg-theora: a1e56fd34408186e4bbccfd4996cb3dc -> 
  custom:container-muxer-webm: aa71ff27fc2769a1b78a27578f13a17b -> 
  custom:container-demuxer-webm: 4f35f7cbe854078d1ac9338744f61a02 -> 
  custom:container-demuxer-ogg: 62fdf1f143b41e24485cea50d1cbac27 -> 
  custom:video-encoder-webm-vp8: eb34c28f22e8b96e1ab97ce403110664 -> 
  custom:framework-osx-AVFoundation: e770b220cccbd017edd2c1fefb359320 -> 
  custom:video-decoder-webm-vp8: 9c59270c3fd7afecdb556c50c9e8de78 -> 
  custom:audio-decoder-ogg-vorbis: bf7c407c2cedff20999df2af8eb42d56 -> 
  custom:audio-encoder-webm-vorbis: bf7c407c2cedff20999df2af8eb42d56 -> 
========================================================================
Received Prepare
Registering precompiled user dll's ...
Registered in 0.001684 seconds.
Begin MonoManager ReloadAssembly
Native extension for OSXStandalone target not found
Refreshing native plugins compatible for Editor in 0.37 ms, found 2 plugins.
Preloading 0 native plugins for Editor in 0.00 ms.
Mono: successfully reloaded assembly
- Completed reload, in  0.926 seconds
Domain Reload Profiling:
	ReloadAssembly (927ms)
		BeginReloadAssembly (102ms)
			ExecutionOrderSort (0ms)
			DisableScriptedObjects (4ms)
			BackupInstance (0ms)
			ReleaseScriptingObjects (0ms)
			CreateAndSetChildDomain (45ms)
		EndReloadAssembly (770ms)
			LoadAssemblies (59ms)
			RebuildTransferFunctionScriptingTraits (0ms)
			SetupTypeCache (283ms)
			ReleaseScriptCaches (1ms)
			RebuildScriptCaches (42ms)
			SetupLoadedEditorAssemblies (282ms)
				LogAssemblyErrors (0ms)
				InitializePlatformSupportModulesInManaged (4ms)
				SetLoadedEditorAssemblies (0ms)
				RefreshPlugins (0ms)
				BeforeProcessingInitializeOnLoad (86ms)
				ProcessInitializeOnLoadAttributes (182ms)
				ProcessInitializeOnLoadMethodAttributes (7ms)
				AfterProcessingInitializeOnLoad (1ms)
				EditorAssembliesLoaded (0ms)
			ExecutionOrderSort2 (0ms)
			AwakeInstancesAfterBackupRestoration (6ms)
Platform modules already initialized, skipping
Refreshing native plugins compatible for Editor in 0.36 ms, found 2 plugins.
Preloading 0 native plugins for Editor in 0.00 ms.
Unloading 1907 Unused Serialized files (Serialized files now loaded: 0)
System memory in use before: 234.8 MB.
System memory in use after: 234.3 MB.

Unloading 20 unused Assets to reduce memory usage. Loaded Objects now: 2509.
Total: 2.574889 ms (FindLiveObjects: 0.145986 ms CreateObjectMapping: 0.065595 ms MarkObjects: 1.969954 ms  DeleteObjects: 0.392754 ms)

AssetImportParameters requested are different than current active one (requested -> active):
  custom:video-decoder-ogg-theora: a1e56fd34408186e4bbccfd4996cb3dc -> 
  custom:container-muxer-webm: aa71ff27fc2769a1b78a27578f13a17b -> 
  custom:container-demuxer-webm: 4f35f7cbe854078d1ac9338744f61a02 -> 
  custom:container-demuxer-ogg: 62fdf1f143b41e24485cea50d1cbac27 -> 
  custom:video-encoder-webm-vp8: eb34c28f22e8b96e1ab97ce403110664 -> 
  custom:framework-osx-AVFoundation: e770b220cccbd017edd2c1fefb359320 -> 
  custom:video-decoder-webm-vp8: 9c59270c3fd7afecdb556c50c9e8de78 -> 
  custom:audio-decoder-ogg-vorbis: bf7c407c2cedff20999df2af8eb42d56 -> 
  custom:audio-encoder-webm-vorbis: bf7c407c2cedff20999df2af8eb42d56 -> 
========================================================================
Received Import Request.
  Time since last request: 749.489645 seconds.
  path: Assets/Scripts/GameObject.controller
  artifactKey: Guid(96e4b1eaa1ad34eacbd391368f5d5554) Importer(815301076,1909f56bfc062723c751e8b465ee728b)
Start importing Assets/Scripts/GameObject.controller using Guid(96e4b1eaa1ad34eacbd391368f5d5554) Importer(815301076,1909f56bfc062723c751e8b465ee728b)  -> (artifact id: 'e9df3e978daf86ae5e5947a9072ee430') in 0.232042 seconds 
  Import took 0.235714 seconds .

========================================================================
Received Import Request.
  Time since last request: 45.983250 seconds.
  path: Assets/Scripts/OpenCloset1.anim
  artifactKey: Guid(c4718fd608cad467db8fe92281185040) Importer(815301076,1909f56bfc062723c751e8b465ee728b)
Start importing Assets/Scripts/OpenCloset1.anim using Guid(c4718fd608cad467db8fe92281185040) Importer(815301076,1909f56bfc062723c751e8b465ee728b)  -> (artifact id: 'cb9a38bab62b78324ae8479f4103786e') in 0.004712 seconds 
  Import took 0.007221 seconds .

========================================================================
Received Import Request.
  Time since last request: 548.805094 seconds.
  path: Assets/Scenes/Animations/GameObject (1).controller
  artifactKey: Guid(88fbfcb8385e34358bbbb459454d9c20) Importer(815301076,1909f56bfc062723c751e8b465ee728b)
Start importing Assets/Scenes/Animations/GameObject (1).controller using Guid(88fbfcb8385e34358bbbb459454d9c20) Importer(815301076,1909f56bfc062723c751e8b465ee728b)  -> (artifact id: 'aba1a2eeb98201dda926f25b8c858d11') in 0.004087 seconds 
  Import took 0.006578 seconds .

========================================================================
Received Import Request.
  Time since last request: 40.850135 seconds.
  path: Assets/Scenes/Animations/OpenCloset2.anim
  artifactKey: Guid(1edbb91c49e934400a12d8671379481d) Importer(815301076,1909f56bfc062723c751e8b465ee728b)
Start importing Assets/Scenes/Animations/OpenCloset2.anim using Guid(1edbb91c49e934400a12d8671379481d) Importer(815301076,1909f56bfc062723c751e8b465ee728b)  -> (artifact id: 'b8be78c09ed2af01ac78eb0b479e6c4c') in 0.005284 seconds 
  Import took 0.007819 seconds .

========================================================================
Received Prepare
Registering precompiled user dll's ...
Registered in 0.001763 seconds.
Begin MonoManager ReloadAssembly
Native extension for OSXStandalone target not found
Refreshing native plugins compatible for Editor in 0.36 ms, found 2 plugins.
Preloading 0 native plugins for Editor in 0.00 ms.
Mono: successfully reloaded assembly
- Completed reload, in  0.921 seconds
Domain Reload Profiling:
	ReloadAssembly (922ms)
		BeginReloadAssembly (103ms)
			ExecutionOrderSort (0ms)
			DisableScriptedObjects (4ms)
			BackupInstance (0ms)
			ReleaseScriptingObjects (0ms)
			CreateAndSetChildDomain (46ms)
		EndReloadAssembly (755ms)
			LoadAssemblies (59ms)
			RebuildTransferFunctionScriptingTraits (0ms)
			SetupTypeCache (279ms)
			ReleaseScriptCaches (1ms)
			RebuildScriptCaches (40ms)
			SetupLoadedEditorAssemblies (278ms)
				LogAssemblyErrors (0ms)
				InitializePlatformSupportModulesInManaged (4ms)
				SetLoadedEditorAssemblies (0ms)
				RefreshPlugins (0ms)
				BeforeProcessingInitializeOnLoad (84ms)
				ProcessInitializeOnLoadAttributes (180ms)
				ProcessInitializeOnLoadMethodAttributes (8ms)
				AfterProcessingInitializeOnLoad (1ms)
				EditorAssembliesLoaded (0ms)
			ExecutionOrderSort2 (0ms)
			AwakeInstancesAfterBackupRestoration (6ms)
Platform modules already initialized, skipping
Refreshing native plugins compatible for Editor in 0.36 ms, found 2 plugins.
Preloading 0 native plugins for Editor in 0.00 ms.
Unloading 1907 Unused Serialized files (Serialized files now loaded: 0)
System memory in use before: 239.1 MB.
System memory in use after: 238.7 MB.

Unloading 20 unused Assets to reduce memory usage. Loaded Objects now: 2511.
Total: 2.554218 ms (FindLiveObjects: 0.126251 ms CreateObjectMapping: 0.055587 ms MarkObjects: 1.964900 ms  DeleteObjects: 0.406767 ms)

>>>>>>> origin/Level
AssetImportParameters requested are different than current active one (requested -> active):
  custom:video-decoder-ogg-theora: a1e56fd34408186e4bbccfd4996cb3dc -> 
  custom:container-muxer-webm: aa71ff27fc2769a1b78a27578f13a17b -> 
  custom:container-demuxer-webm: 4f35f7cbe854078d1ac9338744f61a02 -> 
  custom:container-demuxer-ogg: 62fdf1f143b41e24485cea50d1cbac27 -> 
  custom:video-encoder-webm-vp8: eb34c28f22e8b96e1ab97ce403110664 -> 
  custom:framework-osx-AVFoundation: e770b220cccbd017edd2c1fefb359320 -> 
  custom:video-decoder-webm-vp8: 9c59270c3fd7afecdb556c50c9e8de78 -> 
  custom:audio-decoder-ogg-vorbis: bf7c407c2cedff20999df2af8eb42d56 -> 
  custom:audio-encoder-webm-vorbis: bf7c407c2cedff20999df2af8eb42d56 -> 
<<<<<<< HEAD
========================================================================
Received Import Request.
  Time since last request: 222.304326 seconds.
  path: Assets/Scenes/House & terrain 1.unity
  artifactKey: Guid(f87d0012f2c2d45949e70c0c56354f48) Importer(815301076,1909f56bfc062723c751e8b465ee728b)
Start importing Assets/Scenes/House & terrain 1.unity using Guid(f87d0012f2c2d45949e70c0c56354f48) Importer(815301076,1909f56bfc062723c751e8b465ee728b)  -> (artifact id: '6de5b1c08eb9c58f545091fa0c1b634b') in 0.008211 seconds 
  Import took 0.010353 seconds .

========================================================================
Received Import Request.
  Time since last request: 511.157990 seconds.
  path: Assets/Scenes/End Credits.unity
  artifactKey: Guid(d3516f1704cdf403390e10ecb850c5b2) Importer(815301076,1909f56bfc062723c751e8b465ee728b)
Start importing Assets/Scenes/End Credits.unity using Guid(d3516f1704cdf403390e10ecb850c5b2) Importer(815301076,1909f56bfc062723c751e8b465ee728b)  -> (artifact id: '57ff484a4972369d6d022d0523e700cd') in 0.001045 seconds 
  Import took 0.003452 seconds .

AssetImportWorkerClient::OnTransportError - code=2 error=End of file
=======
>>>>>>> origin/Level
