Unity Editor version:    2020.3.27f1 (e759542391ea)
Branch:                  2020.3/release
Build type:              Release
Batch mode:              YES
macOS version:           Version 11.7.10 (Build 20G1427)
Darwin version:          20.6.0
Architecture:            x86_64
Running under Rosetta:   NO
Available memory:        16384 MB
Using pre-set license
Pro License: NO

COMMAND LINE ARGUMENTS:
/Applications/2020.3.27f1/Unity.app/Contents/MacOS/Unity
-adb2
-batchMode
-noUpm
-name
AssetImportWorker0
-projectPath
/Users/game5/My project
-logFile
Logs/AssetImportWorker0.log
-srvPort
53464
Successfully changed project path to: /Users/game5/My project
/Users/game5/My project
Using Asset Import Pipeline V2.
Refreshing native plugins compatible for Editor in 32.50 ms, found 2 plugins.
Preloading 0 native plugins for Editor in 0.00 ms.
Initialize engine version: 2020.3.27f1 (e759542391ea)
[Subsystems] Discovering subsystems at path /Applications/2020.3.27f1/Unity.app/Contents/Resources/UnitySubsystems
[Subsystems] Discovering subsystems at path /Users/game5/My project/Assets
GfxDevice: creating device client; threaded=0
2023-12-05 13:35:27.848 Unity[2379:69605] iMac preferred device: AMD Radeon Pro 5500 XT (high power)
2023-12-05 13:35:27.848 Unity[2379:69605] Metal devices available: 1
2023-12-05 13:35:27.848 Unity[2379:69605] 0: AMD Radeon Pro 5500 XT (high power)
2023-12-05 13:35:27.848 Unity[2379:69605] Using device AMD Radeon Pro 5500 XT (high power)
Initializing Metal device caps: AMD Radeon Pro 5500 XT
Initialize mono
Mono path[0] = '/Applications/2020.3.27f1/Unity.app/Contents/Managed'
Mono path[1] = '/Applications/2020.3.27f1/Unity.app/Contents/MonoBleedingEdge/lib/mono/unityjit'
Mono config path = '/Applications/2020.3.27f1/Unity.app/Contents/MonoBleedingEdge/etc'
Using monoOptions --debugger-agent=transport=dt_socket,embedding=1,server=y,suspend=n,address=127.0.0.1:56379
Begin MonoManager ReloadAssembly
Registering precompiled unity dll's ...
Register platform support module: /Applications/2020.3.27f1/Unity.app/Contents/PlaybackEngines/MacStandaloneSupport/UnityEditor.OSXStandalone.Extensions.dll
Registered in 0.000425 seconds.
Native extension for OSXStandalone target not found
Refreshing native plugins compatible for Editor in 30.52 ms, found 2 plugins.
Preloading 0 native plugins for Editor in 0.00 ms.
Mono: successfully reloaded assembly
- Completed reload, in  0.518 seconds
Domain Reload Profiling:
	ReloadAssembly (518ms)
		BeginReloadAssembly (36ms)
			ExecutionOrderSort (0ms)
			DisableScriptedObjects (0ms)
			BackupInstance (0ms)
			ReleaseScriptingObjects (0ms)
			CreateAndSetChildDomain (1ms)
		EndReloadAssembly (417ms)
			LoadAssemblies (35ms)
			RebuildTransferFunctionScriptingTraits (0ms)
			SetupTypeCache (155ms)
			ReleaseScriptCaches (0ms)
			RebuildScriptCaches (33ms)
			SetupLoadedEditorAssemblies (157ms)
				LogAssemblyErrors (0ms)
				InitializePlatformSupportModulesInManaged (4ms)
				SetLoadedEditorAssemblies (0ms)
				RefreshPlugins (31ms)
				BeforeProcessingInitializeOnLoad (7ms)
				ProcessInitializeOnLoadAttributes (90ms)
				ProcessInitializeOnLoadMethodAttributes (26ms)
				AfterProcessingInitializeOnLoad (0ms)
				EditorAssembliesLoaded (0ms)
			ExecutionOrderSort2 (0ms)
			AwakeInstancesAfterBackupRestoration (0ms)
Platform modules already initialized, skipping
Registering precompiled user dll's ...
Registered in 0.001415 seconds.
Begin MonoManager ReloadAssembly
Native extension for OSXStandalone target not found
Refreshing native plugins compatible for Editor in 0.36 ms, found 2 plugins.
Preloading 0 native plugins for Editor in 0.00 ms.
Mono: successfully reloaded assembly
- Completed reload, in  0.955 seconds
Domain Reload Profiling:
	ReloadAssembly (955ms)
		BeginReloadAssembly (134ms)
			ExecutionOrderSort (0ms)
			DisableScriptedObjects (4ms)
			BackupInstance (0ms)
			ReleaseScriptingObjects (0ms)
			CreateAndSetChildDomain (26ms)
		EndReloadAssembly (764ms)
			LoadAssemblies (63ms)
			RebuildTransferFunctionScriptingTraits (0ms)
			SetupTypeCache (296ms)
			ReleaseScriptCaches (0ms)
			RebuildScriptCaches (47ms)
			SetupLoadedEditorAssemblies (259ms)
				LogAssemblyErrors (0ms)
				InitializePlatformSupportModulesInManaged (4ms)
				SetLoadedEditorAssemblies (0ms)
				RefreshPlugins (0ms)
				BeforeProcessingInitializeOnLoad (45ms)
				ProcessInitializeOnLoadAttributes (200ms)
				ProcessInitializeOnLoadMethodAttributes (8ms)
				AfterProcessingInitializeOnLoad (1ms)
				EditorAssembliesLoaded (0ms)
			ExecutionOrderSort2 (0ms)
			AwakeInstancesAfterBackupRestoration (6ms)
Platform modules already initialized, skipping
Validating Project structure ... 0.005058 seconds.
Shader import version has changed; will reimport all shaders...
Upgrading shader files ...0.038829 seconds.
Application.AssetDatabase Initial Script Refresh Start
RefreshInfo: InitialScriptRefreshV2(NoUpdateAssetOptions) scanfilter:  ... 1 filters
RefreshProfiler: Total: 0.000ms
Application.AssetDatabase Initial Script Refresh End
Application.AssetDatabase.Refresh Start
Application.AssetDatabase.Refresh End
RefreshInfo: StopAssetImportingV2(ForceSynchronousImport) scanfilter: 
RefreshProfiler: Total: 0.000ms
Launching external process: /Applications/2020.3.27f1/Unity.app/Contents/Tools/UnityShaderCompiler
Launched and connected shader compiler UnityShaderCompiler after 0.01 seconds
Initializing Unity extensions:
========================================================================
Worker process is ready to serve import requests
Refreshing native plugins compatible for Editor in 0.36 ms, found 2 plugins.
Preloading 0 native plugins for Editor in 0.00 ms.
Unloading 2010 Unused Serialized files (Serialized files now loaded: 0)
System memory in use before: 239.8 MB.
System memory in use after: 238.9 MB.

Unloading 130 unused Assets to reduce memory usage. Loaded Objects now: 2496.
Total: 2.740002 ms (FindLiveObjects: 0.154272 ms CreateObjectMapping: 0.069013 ms MarkObjects: 2.044226 ms  DeleteObjects: 0.471818 ms)

AssetImportParameters requested are different than current active one (requested -> active):
  custom:video-decoder-ogg-theora: a1e56fd34408186e4bbccfd4996cb3dc -> 
  custom:container-muxer-webm: aa71ff27fc2769a1b78a27578f13a17b -> 
  custom:container-demuxer-webm: 4f35f7cbe854078d1ac9338744f61a02 -> 
  custom:container-demuxer-ogg: 62fdf1f143b41e24485cea50d1cbac27 -> 
  custom:video-encoder-webm-vp8: eb34c28f22e8b96e1ab97ce403110664 -> 
  custom:framework-osx-AVFoundation: e770b220cccbd017edd2c1fefb359320 -> 
  custom:video-decoder-webm-vp8: 9c59270c3fd7afecdb556c50c9e8de78 -> 
  custom:audio-decoder-ogg-vorbis: bf7c407c2cedff20999df2af8eb42d56 -> 
  custom:audio-encoder-webm-vorbis: bf7c407c2cedff20999df2af8eb42d56 -> 
========================================================================
Received Import Request.
  path: Assets/Scenes/level.unity
  artifactKey: Guid(f57411f9212734c84b69b7740782f4a5) Importer(815301076,1909f56bfc062723c751e8b465ee728b)
Start importing Assets/Scenes/level.unity using Guid(f57411f9212734c84b69b7740782f4a5) Importer(815301076,1909f56bfc062723c751e8b465ee728b)  -> (artifact id: 'b02c0f4b855d28d40e14b004124c67f8') in 0.008791 seconds 
  Import took 0.011199 seconds .

========================================================================
Received Import Request.
  Time since last request: 281.036443 seconds.
  path: Assets/Materials/New Material 1.mat
  artifactKey: Guid(02ad6abe4f979405c81ac8161025ca95) Importer(815301076,1909f56bfc062723c751e8b465ee728b)
Start importing Assets/Materials/New Material 1.mat using Guid(02ad6abe4f979405c81ac8161025ca95) Importer(815301076,1909f56bfc062723c751e8b465ee728b)  -> (artifact id: '1723e261cef9946280ade2c39e4d7f51') in 0.859954 seconds 
  Import took 0.864742 seconds .

========================================================================
Received Import Request.
  Time since last request: 0.000258 seconds.
  path: Assets/Materials/New Material 2.mat
  artifactKey: Guid(8f0e579cedf76488990a65e2ce34a7ee) Importer(815301076,1909f56bfc062723c751e8b465ee728b)
Start importing Assets/Materials/New Material 2.mat using Guid(8f0e579cedf76488990a65e2ce34a7ee) Importer(815301076,1909f56bfc062723c751e8b465ee728b)  -> (artifact id: 'aeaafa776f8f6d8d04d0dc7701d7428f') in 0.010918 seconds 
  Import took 0.013302 seconds .

========================================================================
Received Import Request.
  Time since last request: 16.386386 seconds.
  path: Assets/ImportedAssets/TerrainData_8cc5bdee-8620-4418-9490-147c7057b3eb.asset
  artifactKey: Guid(7e28d6906721a449cb4bcd2f9da8c7fe) Importer(815301076,1909f56bfc062723c751e8b465ee728b)
Start importing Assets/ImportedAssets/TerrainData_8cc5bdee-8620-4418-9490-147c7057b3eb.asset using Guid(7e28d6906721a449cb4bcd2f9da8c7fe) Importer(815301076,1909f56bfc062723c751e8b465ee728b)  -> (artifact id: 'c82db3e464b3c2f819221574d38e33f8') in 0.231935 seconds 
  Import took 0.236126 seconds .

========================================================================
Received Import Request.
  Time since last request: 31.703157 seconds.
  path: Assets/Prefab
  artifactKey: Guid(3173c537141c845ab8cc1224a6d42985) Importer(815301076,1909f56bfc062723c751e8b465ee728b)
Start importing Assets/Prefab using Guid(3173c537141c845ab8cc1224a6d42985) Importer(815301076,1909f56bfc062723c751e8b465ee728b)  -> (artifact id: 'f0985fbce2d058009e72ae0701989cb1') in 0.001297 seconds 
  Import took 0.003719 seconds .

========================================================================
Received Import Request.
  Time since last request: 9.630853 seconds.
  path: Assets/Prefab/Player.prefab
  artifactKey: Guid(a99a55aa57b6041d38f93c60967e027d) Importer(815301076,1909f56bfc062723c751e8b465ee728b)
Start importing Assets/Prefab/Player.prefab using Guid(a99a55aa57b6041d38f93c60967e027d) Importer(815301076,1909f56bfc062723c751e8b465ee728b)  -> (artifact id: '4934de89831614346a1a0af7a94e1e44') in 0.127603 seconds 
  Import took 0.131555 seconds .

AssetImportWorkerClient::OnTransportError - code=2 error=End of file
